<?xml version="1.0" encoding="UTF-8"?>
<!-- Generated by org.testng.reporters.JUnitXMLReporter -->
<testsuite ignored="1" hostname="Lakshmi" failures="0" tests="1" name="Test(failed)" time="50.54" errors="0" timestamp="2026-01-30T12:02:19 IST">
  <testcase classname="testCases.TC01_Registrationtest" name="Registration_Account_test" time="4.332"/>
  <testcase classname="testCases.TC02_Logintest" name="Login" time="0.0">
    <ignored/>
  </testcase> <!-- Login -->
</testsuite> <!-- Test(failed) -->
