<?xml version="1.0" encoding="UTF-8"?>
<testng-results ignored="0" total="2" passed="2" failed="0" skipped="0">
  <reporter-output>
  </reporter-output>
  <suite started-at="2026-02-03T11:14:29 IST" name="Suite" finished-at="2026-02-03T11:14:56 IST" duration-ms="27654">
    <groups>
      <group name="smoke">
        <method signature="TC02_Logintest.Login()[pri:0, instance:testCases.TC02_Logintest@747ddf94]" name="Login" class="testCases.TC02_Logintest"/>
      </group> <!-- smoke -->
      <group name="Regression">
        <method signature="TC01_Registrationtest.Registration_Account_test()[pri:0, instance:testCases.TC01_Registrationtest@4efbca5a]" name="Registration_Account_test" class="testCases.TC01_Registrationtest"/>
      </group> <!-- Regression -->
      <group name="master">
        <method signature="TC01_Registrationtest.Registration_Account_test()[pri:0, instance:testCases.TC01_Registrationtest@4efbca5a]" name="Registration_Account_test" class="testCases.TC01_Registrationtest"/>
        <method signature="TC02_Logintest.Login()[pri:0, instance:testCases.TC02_Logintest@747ddf94]" name="Login" class="testCases.TC02_Logintest"/>
      </group> <!-- master -->
    </groups>
    <test started-at="2026-02-03T11:14:29 IST" name="Test" finished-at="2026-02-03T11:14:56 IST" duration-ms="27654">
      <class name="testCases.TC01_Registrationtest">
        <test-method is-config="true" signature="setup(java.lang.String,java.lang.String)[pri:0, instance:testCases.TC01_Registrationtest@4efbca5a]" started-at="2026-02-03T11:14:29 IST" name="setup" finished-at="2026-02-03T11:14:36 IST" duration-ms="7164" status="PASS">
          <params>
            <param index="0">
              <value>
                <![CDATA[linux]]>
              </value>
            </param>
            <param index="1">
              <value>
                <![CDATA[chrome]]>
              </value>
            </param>
          </params>
          <reporter-output>
          </reporter-output>
        </test-method> <!-- setup -->
        <test-method signature="Registration_Account_test()[pri:0, instance:testCases.TC01_Registrationtest@4efbca5a]" started-at="2026-02-03T11:14:36 IST" name="Registration_Account_test" finished-at="2026-02-03T11:14:51 IST" duration-ms="14910" status="PASS">
          <reporter-output>
          </reporter-output>
        </test-method> <!-- Registration_Account_test -->
        <test-method is-config="true" signature="teardown()[pri:0, instance:testCases.TC01_Registrationtest@4efbca5a]" started-at="2026-02-03T11:14:51 IST" name="teardown" finished-at="2026-02-03T11:14:52 IST" duration-ms="427" status="PASS">
          <reporter-output>
          </reporter-output>
        </test-method> <!-- teardown -->
      </class> <!-- testCases.TC01_Registrationtest -->
      <class name="testCases.TC02_Logintest">
        <test-method is-config="true" signature="setup(java.lang.String,java.lang.String)[pri:0, instance:testCases.TC02_Logintest@747ddf94]" started-at="2026-02-03T11:14:52 IST" name="setup" finished-at="2026-02-03T11:14:55 IST" duration-ms="3003" status="PASS">
          <params>
            <param index="0">
              <value>
                <![CDATA[linux]]>
              </value>
            </param>
            <param index="1">
              <value>
                <![CDATA[chrome]]>
              </value>
            </param>
          </params>
          <reporter-output>
          </reporter-output>
        </test-method> <!-- setup -->
        <test-method signature="Login()[pri:0, instance:testCases.TC02_Logintest@747ddf94]" started-at="2026-02-03T11:14:55 IST" name="Login" finished-at="2026-02-03T11:14:56 IST" duration-ms="1585" status="PASS">
          <reporter-output>
          </reporter-output>
        </test-method> <!-- Login -->
        <test-method is-config="true" signature="teardown()[pri:0, instance:testCases.TC02_Logintest@747ddf94]" started-at="2026-02-03T11:14:56 IST" name="teardown" finished-at="2026-02-03T11:14:56 IST" duration-ms="240" status="PASS">
          <reporter-output>
          </reporter-output>
        </test-method> <!-- teardown -->
      </class> <!-- testCases.TC02_Logintest -->
    </test> <!-- Test -->
  </suite> <!-- Suite -->
</testng-results>
