<?xml version="1.0" encoding="UTF-8"?>
<testng-results ignored="0" total="1" passed="1" failed="0" skipped="0">
  <reporter-output>
  </reporter-output>
  <suite started-at="2026-02-09T21:33:41 IST" name="Suite" finished-at="2026-02-09T21:33:52 IST" duration-ms="11292">
    <groups>
    </groups>
    <test started-at="2026-02-09T21:33:41 IST" name="Test" finished-at="2026-02-09T21:33:52 IST" duration-ms="11292">
      <class name="testCases.TC09_RemoveProductFromCartTest">
        <test-method is-config="true" signature="setup(java.lang.String,java.lang.String)[pri:0, instance:testCases.TC09_RemoveProductFromCartTest@26794848]" started-at="2026-02-09T21:33:41 IST" name="setup" finished-at="2026-02-09T21:33:49 IST" duration-ms="7945" status="PASS">
          <params>
            <param index="0">
              <value>
                <![CDATA[linux]]>
              </value>
            </param>
            <param index="1">
              <value>
                <![CDATA[chrome]]>
              </value>
            </param>
          </params>
          <reporter-output>
          </reporter-output>
        </test-method> <!-- setup -->
        <test-method signature="Removeproduct()[pri:0, instance:testCases.TC09_RemoveProductFromCartTest@26794848]" started-at="2026-02-09T21:33:49 IST" name="Removeproduct" finished-at="2026-02-09T21:33:51 IST" duration-ms="2616" status="PASS">
          <reporter-output>
          </reporter-output>
        </test-method> <!-- Removeproduct -->
        <test-method is-config="true" signature="teardown()[pri:0, instance:testCases.TC09_RemoveProductFromCartTest@26794848]" started-at="2026-02-09T21:33:51 IST" name="teardown" finished-at="2026-02-09T21:33:52 IST" duration-ms="439" status="PASS">
          <reporter-output>
          </reporter-output>
        </test-method> <!-- teardown -->
      </class> <!-- testCases.TC09_RemoveProductFromCartTest -->
    </test> <!-- Test -->
  </suite> <!-- Suite -->
</testng-results>
