<?xml version="1.0" encoding="UTF-8"?>
<!-- Generated by org.testng.reporters.JUnitReportReporter -->
<testsuite hostname="Lakshmi" failures="0" tests="3" name="testCases.TC05_SearchpageDataproviderTest" time="22.230" errors="0" timestamp="2026-02-08T22:34:02 IST" skipped="0">
  <testcase classname="testCases.TC05_SearchpageDataproviderTest" name="searchTest" time="10.850"/>
  <testcase classname="testCases.TC05_SearchpageDataproviderTest" name="searchTest" time="10.621"/>
  <testcase classname="testCases.TC05_SearchpageDataproviderTest" name="searchTest" time="0.759"/>
</testsuite> <!-- testCases.TC05_SearchpageDataproviderTest -->
